2024/11/19 18:02:26 [error] 5052#8440: *1 CreateFile() "C:\nginx/html/favicon.ico" failed (2: The system cannot find the file specified), client: 127.0.0.1, server: localhost, request: "GET /favicon.ico HTTP/1.1", host: "localhost", referrer: "http://localhost/"
2024/11/19 19:16:12 [emerg] 12616#13448: "location" directive is not allowed here in C:\nginx/conf/nginx.conf:54
2024/11/19 19:18:39 [emerg] 4452#11212: "location" directive is not allowed here in C:\nginx/conf/nginx.conf:58
2024/11/19 19:20:28 [notice] 10756#18152: signal process started
2024/11/19 19:20:40 [notice] 14868#14204: signal process started
2024/11/19 19:28:13 [notice] 6676#17564: signal process started
2024/11/19 19:28:13 [error] 6676#17564: invalid PID number "" in "C:\nginx/logs/nginx.pid"
2024/11/19 19:31:01 [notice] 12748#2196: signal process started
2024/11/19 19:39:12 [notice] 3952#15864: signal process started
2024/11/19 19:39:12 [error] 3952#15864: OpenEvent("Global\ngx_reload_16904") failed (2: The system cannot find the file specified)
2024/11/19 19:56:42 [emerg] 12752#6884: unexpected end of file, expecting "}" in C:\nginx/conf/nginx.conf:58
2024/11/19 19:56:59 [emerg] 17488#11832: unexpected end of file, expecting "}" in C:\nginx/conf/nginx.conf:58
2024/11/19 19:58:31 [emerg] 15476#8748: unexpected end of file, expecting "}" in C:\nginx/conf/nginx.conf:58
2024/11/19 20:19:40 [notice] 14084#12752: signal process started
2024/11/19 20:43:35 [notice] 16068#11760: signal process started
2024/11/19 20:50:30 [notice] 5736#6068: signal process started
2024/11/19 21:05:39 [emerg] 7892#2512: unexpected "}" in C:\nginx/conf/nginx.conf:108
2024/11/19 21:22:11 [notice] 5364#6092: signal process started
2024/11/19 21:29:19 [notice] 15804#6992: signal process started
2024/11/19 21:46:39 [notice] 10272#17496: signal process started
2024/11/19 21:53:52 [notice] 3524#5688: signal process started
2024/11/19 22:08:31 [notice] 10980#13436: signal process started
2024/11/19 22:09:12 [notice] 6572#14252: signal process started
2024/11/19 22:10:32 [notice] 5140#1160: signal process started
2024/11/19 22:15:35 [notice] 4572#13228: signal process started
2024/11/19 22:17:48 [emerg] 15300#6512: unknown directive "root/usr/share/nginx/html" in C:\nginx/conf/nginx.conf:35
2024/11/19 22:18:27 [emerg] 3284#15144: invalid number of arguments in "root" directive in C:\nginx/conf/nginx.conf:35
2024/11/19 22:18:38 [emerg] 12128#15316: unknown directive "Root" in C:\nginx/conf/nginx.conf:35
2024/11/19 22:19:26 [emerg] 2604#8160: unknown directive "Root" in C:\nginx/conf/nginx.conf:35
2024/11/19 22:21:02 [notice] 13508#12352: signal process started
2024/11/19 22:21:36 [emerg] 9164#18400: unknown directive "Root" in C:\nginx/conf/nginx.conf:35
2024/11/19 22:22:30 [emerg] 13056#776: invalid number of arguments in "root" directive in C:\nginx/conf/nginx.conf:35
2024/11/19 22:23:29 [notice] 9332#17656: signal process started
2024/11/19 22:28:04 [emerg] 5364#17636: invalid number of arguments in "root" directive in C:\nginx/conf/nginx.conf:35
2024/11/19 22:30:10 [notice] 14600#15612: signal process started
2024/11/19 22:30:23 [notice] 3492#8680: signal process started
2024/11/19 22:35:10 [notice] 12000#5008: signal process started
2024/11/19 22:38:16 [notice] 10912#1828: signal process started
2024/11/19 22:45:46 [notice] 10588#8108: signal process started
2024/11/19 22:47:53 [notice] 16700#7688: signal process started
2024/11/19 22:49:32 [emerg] 10100#4064: unknown directive "contato" in C:\nginx/conf/nginx.conf:35
2024/11/19 22:49:51 [notice] 9116#18240: signal process started
2024/11/19 22:50:28 [emerg] 8064#14176: unknown directive "localhost" in C:\nginx/conf/nginx.conf:32
2024/11/19 22:51:24 [notice] 8676#9544: signal process started
2024/11/19 22:59:49 [notice] 10328#11776: signal process started
2024/11/19 23:02:02 [emerg] 7152#10376: unknown directive "localhost" in C:\nginx/conf/nginx.conf:32
2024/11/19 23:02:13 [emerg] 6852#8992: unknown directive "localhost" in C:\nginx/conf/nginx.conf:32
2024/11/19 23:02:45 [notice] 12024#12068: signal process started
2024/11/21 18:23:25 [emerg] 11352#5856: cannot load certificate "C:/Etec/PP/Pokemon/Projeto/Projeto/ssl/selfsigned.crt": BIO_new_file() failed (SSL: error:80000003:system library::No such process:calling fopen(C:/Etec/PP/Pokemon/Projeto/Projeto/ssl/selfsigned.crt, r) error:10000080:BIO routines::no such file)
2024/11/21 18:24:28 [emerg] 3672#7552: cannot load certificate "C:/Etec/PP/Pokemon/Projeto/Projeto/ssl/selfsigned.crt": BIO_new_file() failed (SSL: error:80000003:system library::No such process:calling fopen(C:/Etec/PP/Pokemon/Projeto/Projeto/ssl/selfsigned.crt, r) error:10000080:BIO routines::no such file)
2024/11/21 18:41:45 [emerg] 12936#6840: cannot load certificate "C:/Etec/PP/Pokemon/Projeto/Projeto/ssl/selfsigned.crt": BIO_new_file() failed (SSL: error:80000003:system library::No such process:calling fopen(C:/Etec/PP/Pokemon/Projeto/Projeto/ssl/selfsigned.crt, r) error:10000080:BIO routines::no such file)
2024/11/21 18:43:13 [notice] 8284#3008: signal process started
2024/11/21 18:43:13 [error] 8284#3008: OpenEvent("Global\ngx_reload_14872") failed (2: The system cannot find the file specified)
2024/11/21 18:44:51 [notice] 8604#4780: signal process started
2024/11/21 19:07:41 [notice] 6000#2156: signal process started
2024/11/21 19:45:25 [notice] 7040#7848: signal process started
2024/11/21 19:51:09 [notice] 1924#13192: signal process started
